<?xml version="1.0" encoding="UTF-8"?>
<coverage generated="1675643627198" clover="3.2.0">
  <project timestamp="1675643627198" name="All files">
    <metrics statements="64" coveredstatements="55" conditionals="36" coveredconditionals="25" methods="15" coveredmethods="12" elements="115" coveredelements="92" complexity="0" loc="64" ncloc="64" packages="3" files="3" classes="3"/>
    <package name="src.Class">
      <metrics statements="56" coveredstatements="47" conditionals="36" coveredconditionals="25" methods="15" coveredmethods="12"/>
      <file name="Url.ts" path="C:\Users\Standa\Desktop\Work\Personal\WEBCRAWLER\src\Class\Url.ts">
        <metrics statements="56" coveredstatements="47" conditionals="36" coveredconditionals="25" methods="15" coveredmethods="12"/>
        <line num="15" count="60" type="stmt"/>
        <line num="16" count="60" type="stmt"/>
        <line num="18" count="60" type="cond" truecount="2" falsecount="0"/>
        <line num="19" count="38" type="stmt"/>
        <line num="20" count="38" type="stmt"/>
        <line num="21" count="38" type="cond" truecount="3" falsecount="1"/>
        <line num="22" count="38" type="stmt"/>
        <line num="23" count="38" type="cond" truecount="2" falsecount="0"/>
        <line num="24" count="38" type="cond" truecount="2" falsecount="0"/>
        <line num="26" count="22" type="stmt"/>
        <line num="27" count="22" type="stmt"/>
        <line num="28" count="22" type="stmt"/>
        <line num="29" count="22" type="stmt"/>
        <line num="30" count="22" type="stmt"/>
        <line num="31" count="22" type="stmt"/>
        <line num="37" count="0" type="stmt"/>
        <line num="44" count="1" type="stmt"/>
        <line num="51" count="1" type="stmt"/>
        <line num="58" count="1" type="stmt"/>
        <line num="65" count="1" type="stmt"/>
        <line num="72" count="1" type="stmt"/>
        <line num="79" count="0" type="stmt"/>
        <line num="84" count="38" type="cond" truecount="2" falsecount="0"/>
        <line num="85" count="5" type="stmt"/>
        <line num="86" count="5" type="cond" truecount="1" falsecount="1"/>
        <line num="87" count="5" type="cond" truecount="1" falsecount="1"/>
        <line num="88" count="0" type="stmt"/>
        <line num="90" count="5" type="stmt"/>
        <line num="93" count="33" type="stmt"/>
        <line num="98" count="38" type="cond" truecount="2" falsecount="0"/>
        <line num="99" count="11" type="stmt"/>
        <line num="100" count="11" type="stmt"/>
        <line num="101" count="11" type="stmt"/>
        <line num="102" count="11" type="stmt"/>
        <line num="103" count="17" type="stmt"/>
        <line num="104" count="17" type="stmt"/>
        <line num="105" count="17" type="cond" truecount="2" falsecount="0"/>
        <line num="106" count="17" type="stmt"/>
        <line num="108" count="11" type="stmt"/>
        <line num="110" count="27" type="stmt"/>
        <line num="115" count="38" type="cond" truecount="3" falsecount="1"/>
        <line num="116" count="38" type="stmt"/>
        <line num="117" count="38" type="cond" truecount="1" falsecount="1"/>
        <line num="118" count="38" type="cond" truecount="1" falsecount="1"/>
        <line num="119" count="38" type="stmt"/>
        <line num="120" count="38" type="cond" truecount="1" falsecount="1"/>
        <line num="122" count="0" type="stmt"/>
        <line num="127" count="0" type="cond" truecount="0" falsecount="2"/>
        <line num="128" count="0" type="stmt"/>
        <line num="130" count="0" type="stmt"/>
        <line num="135" count="38" type="cond" truecount="1" falsecount="1"/>
        <line num="136" count="38" type="stmt"/>
        <line num="138" count="0" type="stmt"/>
        <line num="143" count="38" type="cond" truecount="1" falsecount="1"/>
        <line num="144" count="38" type="stmt"/>
        <line num="146" count="0" type="stmt"/>
      </file>
    </package>
    <package name="src.Constants">
      <metrics statements="6" coveredstatements="6" conditionals="0" coveredconditionals="0" methods="0" coveredmethods="0"/>
      <file name="Regex.ts" path="C:\Users\Standa\Desktop\Work\Personal\WEBCRAWLER\src\Constants\Regex.ts">
        <metrics statements="6" coveredstatements="6" conditionals="0" coveredconditionals="0" methods="0" coveredmethods="0"/>
        <line num="4" count="2" type="stmt"/>
        <line num="7" count="2" type="stmt"/>
        <line num="10" count="2" type="stmt"/>
        <line num="13" count="2" type="stmt"/>
        <line num="16" count="2" type="stmt"/>
        <line num="19" count="2" type="stmt"/>
      </file>
    </package>
    <package name="test.Data">
      <metrics statements="2" coveredstatements="2" conditionals="0" coveredconditionals="0" methods="0" coveredmethods="0"/>
      <file name="Url.ts" path="C:\Users\Standa\Desktop\Work\Personal\WEBCRAWLER\test\Data\Url.ts">
        <metrics statements="2" coveredstatements="2" conditionals="0" coveredconditionals="0" methods="0" coveredmethods="0"/>
        <line num="1" count="1" type="stmt"/>
        <line num="44" count="1" type="stmt"/>
      </file>
    </package>
  </project>
</coverage>
