{"C:\\Users\\Standa\\Desktop\\Work\\Personal\\WEBCRAWLER\\src\\Class\\Url.ts": {"path":"C:\\Users\\Standa\\Desktop\\Work\\Personal\\WEBCRAWLER\\src\\Class\\Url.ts","statementMap":{"0":{"start":{"line":18,"column":8},"end":{"line":18,"column":23}},"1":{"start":{"line":19,"column":8},"end":{"line":19,"column":49}},"2":{"start":{"line":21,"column":8},"end":{"line":41,"column":9}},"3":{"start":{"line":22,"column":12},"end":{"line":22,"column":59}},"4":{"start":{"line":23,"column":12},"end":{"line":23,"column":51}},"5":{"start":{"line":24,"column":12},"end":{"line":24,"column":92}},"6":{"start":{"line":25,"column":12},"end":{"line":25,"column":51}},"7":{"start":{"line":26,"column":12},"end":{"line":26,"column":59}},"8":{"start":{"line":27,"column":12},"end":{"line":27,"column":51}},"9":{"start":{"line":28,"column":12},"end":{"line":28,"column":59}},"10":{"start":{"line":29,"column":12},"end":{"line":29,"column":47}},"11":{"start":{"line":30,"column":12},"end":{"line":30,"column":49}},"12":{"start":{"line":32,"column":12},"end":{"line":32,"column":33}},"13":{"start":{"line":33,"column":12},"end":{"line":33,"column":29}},"14":{"start":{"line":34,"column":12},"end":{"line":34,"column":31}},"15":{"start":{"line":35,"column":12},"end":{"line":35,"column":29}},"16":{"start":{"line":36,"column":12},"end":{"line":36,"column":28}},"17":{"start":{"line":37,"column":12},"end":{"line":37,"column":29}},"18":{"start":{"line":38,"column":12},"end":{"line":38,"column":33}},"19":{"start":{"line":39,"column":12},"end":{"line":39,"column":31}},"20":{"start":{"line":40,"column":12},"end":{"line":40,"column":32}},"21":{"start":{"line":46,"column":8},"end":{"line":46,"column":24}},"22":{"start":{"line":50,"column":8},"end":{"line":50,"column":24}},"23":{"start":{"line":57,"column":8},"end":{"line":57,"column":25}},"24":{"start":{"line":64,"column":8},"end":{"line":64,"column":29}},"25":{"start":{"line":71,"column":8},"end":{"line":71,"column":27}},"26":{"start":{"line":78,"column":8},"end":{"line":78,"column":25}},"27":{"start":{"line":85,"column":8},"end":{"line":85,"column":26}},"28":{"start":{"line":92,"column":8},"end":{"line":92,"column":25}},"29":{"start":{"line":99,"column":8},"end":{"line":99,"column":29}},"30":{"start":{"line":104,"column":8},"end":{"line":112,"column":9}},"31":{"start":{"line":105,"column":27},"end":{"line":105,"column":41}},"32":{"start":{"line":106,"column":12},"end":{"line":111,"column":13}},"33":{"start":{"line":107,"column":16},"end":{"line":109,"column":17}},"34":{"start":{"line":108,"column":20},"end":{"line":108,"column":50}},"35":{"start":{"line":110,"column":16},"end":{"line":110,"column":32}},"36":{"start":{"line":113,"column":8},"end":{"line":113,"column":19}},"37":{"start":{"line":118,"column":8},"end":{"line":132,"column":9}},"38":{"start":{"line":119,"column":26},"end":{"line":119,"column":43}},"39":{"start":{"line":120,"column":31},"end":{"line":120,"column":47}},"40":{"start":{"line":121,"column":37},"end":{"line":121,"column":60}},"41":{"start":{"line":122,"column":12},"end":{"line":130,"column":14}},"42":{"start":{"line":123,"column":39},"end":{"line":123,"column":59}},"43":{"start":{"line":124,"column":52},"end":{"line":124,"column":54}},"44":{"start":{"line":125,"column":16},"end":{"line":125,"column":95}},"45":{"start":{"line":126,"column":16},"end":{"line":128,"column":17}},"46":{"start":{"line":127,"column":20},"end":{"line":127,"column":88}},"47":{"start":{"line":129,"column":16},"end":{"line":129,"column":54}},"48":{"start":{"line":131,"column":12},"end":{"line":131,"column":35}},"49":{"start":{"line":133,"column":8},"end":{"line":133,"column":19}},"50":{"start":{"line":138,"column":8},"end":{"line":151,"column":9}},"51":{"start":{"line":140,"column":12},"end":{"line":140,"column":35}},"52":{"start":{"line":141,"column":12},"end":{"line":141,"column":35}},"53":{"start":{"line":143,"column":27},"end":{"line":143,"column":41}},"54":{"start":{"line":144,"column":12},"end":{"line":150,"column":13}},"55":{"start":{"line":145,"column":31},"end":{"line":145,"column":56}},"56":{"start":{"line":146,"column":16},"end":{"line":148,"column":17}},"57":{"start":{"line":147,"column":20},"end":{"line":147,"column":35}},"58":{"start":{"line":149,"column":16},"end":{"line":149,"column":27}},"59":{"start":{"line":152,"column":8},"end":{"line":152,"column":19}},"60":{"start":{"line":157,"column":8},"end":{"line":163,"column":9}},"61":{"start":{"line":158,"column":36},"end":{"line":158,"column":62}},"62":{"start":{"line":159,"column":12},"end":{"line":159,"column":44}},"63":{"start":{"line":159,"column":33},"end":{"line":159,"column":44}},"64":{"start":{"line":160,"column":12},"end":{"line":160,"column":51}},"65":{"start":{"line":160,"column":40},"end":{"line":160,"column":51}},"66":{"start":{"line":161,"column":29},"end":{"line":161,"column":50}},"67":{"start":{"line":162,"column":12},"end":{"line":162,"column":45}},"68":{"start":{"line":164,"column":8},"end":{"line":164,"column":19}},"69":{"start":{"line":169,"column":8},"end":{"line":171,"column":9}},"70":{"start":{"line":170,"column":12},"end":{"line":170,"column":82}},"71":{"start":{"line":172,"column":8},"end":{"line":172,"column":19}},"72":{"start":{"line":177,"column":8},"end":{"line":179,"column":9}},"73":{"start":{"line":178,"column":12},"end":{"line":178,"column":52}},"74":{"start":{"line":180,"column":8},"end":{"line":180,"column":19}},"75":{"start":{"line":185,"column":8},"end":{"line":187,"column":9}},"76":{"start":{"line":186,"column":12},"end":{"line":186,"column":46}},"77":{"start":{"line":188,"column":8},"end":{"line":188,"column":19}},"78":{"start":{"line":193,"column":8},"end":{"line":193,"column":48}},"79":{"start":{"line":198,"column":8},"end":{"line":198,"column":48}}},"fnMap":{"0":{"name":"(anonymous_0)","decl":{"start":{"line":17,"column":4},"end":{"line":17,"column":5}},"loc":{"start":{"line":17,"column":29},"end":{"line":43,"column":5}},"line":17},"1":{"name":"(anonymous_1)","decl":{"start":{"line":45,"column":4},"end":{"line":45,"column":5}},"loc":{"start":{"line":45,"column":30},"end":{"line":47,"column":5}},"line":45},"2":{"name":"(anonymous_2)","decl":{"start":{"line":49,"column":4},"end":{"line":49,"column":5}},"loc":{"start":{"line":49,"column":32},"end":{"line":51,"column":5}},"line":49},"3":{"name":"(anonymous_3)","decl":{"start":{"line":56,"column":4},"end":{"line":56,"column":5}},"loc":{"start":{"line":56,"column":34},"end":{"line":58,"column":5}},"line":56},"4":{"name":"(anonymous_4)","decl":{"start":{"line":63,"column":4},"end":{"line":63,"column":5}},"loc":{"start":{"line":63,"column":38},"end":{"line":65,"column":5}},"line":63},"5":{"name":"(anonymous_5)","decl":{"start":{"line":70,"column":4},"end":{"line":70,"column":5}},"loc":{"start":{"line":70,"column":36},"end":{"line":72,"column":5}},"line":70},"6":{"name":"(anonymous_6)","decl":{"start":{"line":77,"column":4},"end":{"line":77,"column":5}},"loc":{"start":{"line":77,"column":34},"end":{"line":79,"column":5}},"line":77},"7":{"name":"(anonymous_7)","decl":{"start":{"line":84,"column":4},"end":{"line":84,"column":5}},"loc":{"start":{"line":84,"column":36},"end":{"line":86,"column":5}},"line":84},"8":{"name":"(anonymous_8)","decl":{"start":{"line":91,"column":4},"end":{"line":91,"column":5}},"loc":{"start":{"line":91,"column":34},"end":{"line":93,"column":5}},"line":91},"9":{"name":"(anonymous_9)","decl":{"start":{"line":98,"column":4},"end":{"line":98,"column":5}},"loc":{"start":{"line":98,"column":38},"end":{"line":100,"column":5}},"line":98},"10":{"name":"(anonymous_10)","decl":{"start":{"line":103,"column":4},"end":{"line":103,"column":5}},"loc":{"start":{"line":103,"column":55},"end":{"line":114,"column":5}},"line":103},"11":{"name":"(anonymous_11)","decl":{"start":{"line":117,"column":4},"end":{"line":117,"column":5}},"loc":{"start":{"line":117,"column":67},"end":{"line":134,"column":5}},"line":117},"12":{"name":"(anonymous_12)","decl":{"start":{"line":122,"column":31},"end":{"line":122,"column":32}},"loc":{"start":{"line":122,"column":46},"end":{"line":130,"column":13}},"line":122},"13":{"name":"(anonymous_13)","decl":{"start":{"line":137,"column":4},"end":{"line":137,"column":5}},"loc":{"start":{"line":137,"column":59},"end":{"line":153,"column":5}},"line":137},"14":{"name":"(anonymous_14)","decl":{"start":{"line":156,"column":4},"end":{"line":156,"column":5}},"loc":{"start":{"line":156,"column":55},"end":{"line":165,"column":5}},"line":156},"15":{"name":"(anonymous_15)","decl":{"start":{"line":168,"column":4},"end":{"line":168,"column":5}},"loc":{"start":{"line":168,"column":57},"end":{"line":173,"column":5}},"line":168},"16":{"name":"(anonymous_16)","decl":{"start":{"line":176,"column":4},"end":{"line":176,"column":5}},"loc":{"start":{"line":176,"column":55},"end":{"line":181,"column":5}},"line":176},"17":{"name":"(anonymous_17)","decl":{"start":{"line":184,"column":4},"end":{"line":184,"column":5}},"loc":{"start":{"line":184,"column":59},"end":{"line":189,"column":5}},"line":184},"18":{"name":"(anonymous_18)","decl":{"start":{"line":192,"column":4},"end":{"line":192,"column":5}},"loc":{"start":{"line":192,"column":48},"end":{"line":194,"column":5}},"line":192},"19":{"name":"(anonymous_19)","decl":{"start":{"line":197,"column":4},"end":{"line":197,"column":5}},"loc":{"start":{"line":197,"column":49},"end":{"line":199,"column":5}},"line":197}},"branchMap":{"0":{"loc":{"start":{"line":21,"column":8},"end":{"line":41,"column":9}},"type":"if","locations":[{"start":{"line":21,"column":8},"end":{"line":41,"column":9}},{"start":{"line":31,"column":15},"end":{"line":41,"column":9}}],"line":21},"1":{"loc":{"start":{"line":24,"column":27},"end":{"line":24,"column":92}},"type":"cond-expr","locations":[{"start":{"line":24,"column":58},"end":{"line":24,"column":85}},{"start":{"line":24,"column":88},"end":{"line":24,"column":92}}],"line":24},"2":{"loc":{"start":{"line":24,"column":27},"end":{"line":24,"column":55}},"type":"binary-expr","locations":[{"start":{"line":24,"column":27},"end":{"line":24,"column":41}},{"start":{"line":24,"column":45},"end":{"line":24,"column":55}}],"line":24},"3":{"loc":{"start":{"line":26,"column":26},"end":{"line":26,"column":59}},"type":"binary-expr","locations":[{"start":{"line":26,"column":26},"end":{"line":26,"column":53}},{"start":{"line":26,"column":57},"end":{"line":26,"column":59}}],"line":26},"4":{"loc":{"start":{"line":104,"column":8},"end":{"line":112,"column":9}},"type":"if","locations":[{"start":{"line":104,"column":8},"end":{"line":112,"column":9}},{"start":{},"end":{}}],"line":104},"5":{"loc":{"start":{"line":106,"column":12},"end":{"line":111,"column":13}},"type":"if","locations":[{"start":{"line":106,"column":12},"end":{"line":111,"column":13}},{"start":{},"end":{}}],"line":106},"6":{"loc":{"start":{"line":107,"column":16},"end":{"line":109,"column":17}},"type":"if","locations":[{"start":{"line":107,"column":16},"end":{"line":109,"column":17}},{"start":{},"end":{}}],"line":107},"7":{"loc":{"start":{"line":118,"column":8},"end":{"line":132,"column":9}},"type":"if","locations":[{"start":{"line":118,"column":8},"end":{"line":132,"column":9}},{"start":{},"end":{}}],"line":118},"8":{"loc":{"start":{"line":125,"column":53},"end":{"line":125,"column":95}},"type":"cond-expr","locations":[{"start":{"line":125,"column":73},"end":{"line":125,"column":90}},{"start":{"line":125,"column":93},"end":{"line":125,"column":95}}],"line":125},"9":{"loc":{"start":{"line":126,"column":16},"end":{"line":128,"column":17}},"type":"if","locations":[{"start":{"line":126,"column":16},"end":{"line":128,"column":17}},{"start":{},"end":{}}],"line":126},"10":{"loc":{"start":{"line":126,"column":19},"end":{"line":126,"column":71}},"type":"binary-expr","locations":[{"start":{"line":126,"column":19},"end":{"line":126,"column":36}},{"start":{"line":126,"column":40},"end":{"line":126,"column":71}}],"line":126},"11":{"loc":{"start":{"line":138,"column":8},"end":{"line":151,"column":9}},"type":"if","locations":[{"start":{"line":138,"column":8},"end":{"line":151,"column":9}},{"start":{},"end":{}}],"line":138},"12":{"loc":{"start":{"line":144,"column":12},"end":{"line":150,"column":13}},"type":"if","locations":[{"start":{"line":144,"column":12},"end":{"line":150,"column":13}},{"start":{},"end":{}}],"line":144},"13":{"loc":{"start":{"line":146,"column":16},"end":{"line":148,"column":17}},"type":"if","locations":[{"start":{"line":146,"column":16},"end":{"line":148,"column":17}},{"start":{},"end":{}}],"line":146},"14":{"loc":{"start":{"line":157,"column":8},"end":{"line":163,"column":9}},"type":"if","locations":[{"start":{"line":157,"column":8},"end":{"line":163,"column":9}},{"start":{},"end":{}}],"line":157},"15":{"loc":{"start":{"line":157,"column":11},"end":{"line":157,"column":64}},"type":"binary-expr","locations":[{"start":{"line":157,"column":11},"end":{"line":157,"column":36}},{"start":{"line":157,"column":40},"end":{"line":157,"column":64}}],"line":157},"16":{"loc":{"start":{"line":159,"column":12},"end":{"line":159,"column":44}},"type":"if","locations":[{"start":{"line":159,"column":12},"end":{"line":159,"column":44}},{"start":{},"end":{}}],"line":159},"17":{"loc":{"start":{"line":160,"column":12},"end":{"line":160,"column":51}},"type":"if","locations":[{"start":{"line":160,"column":12},"end":{"line":160,"column":51}},{"start":{},"end":{}}],"line":160},"18":{"loc":{"start":{"line":162,"column":19},"end":{"line":162,"column":45}},"type":"cond-expr","locations":[{"start":{"line":162,"column":30},"end":{"line":162,"column":38}},{"start":{"line":162,"column":41},"end":{"line":162,"column":45}}],"line":162},"19":{"loc":{"start":{"line":169,"column":8},"end":{"line":171,"column":9}},"type":"if","locations":[{"start":{"line":169,"column":8},"end":{"line":171,"column":9}},{"start":{},"end":{}}],"line":169},"20":{"loc":{"start":{"line":177,"column":8},"end":{"line":179,"column":9}},"type":"if","locations":[{"start":{"line":177,"column":8},"end":{"line":179,"column":9}},{"start":{},"end":{}}],"line":177},"21":{"loc":{"start":{"line":185,"column":8},"end":{"line":187,"column":9}},"type":"if","locations":[{"start":{"line":185,"column":8},"end":{"line":187,"column":9}},{"start":{},"end":{}}],"line":185}},"s":{"0":69,"1":69,"2":69,"3":47,"4":47,"5":47,"6":47,"7":47,"8":47,"9":47,"10":47,"11":47,"12":22,"13":22,"14":22,"15":22,"16":22,"17":22,"18":22,"19":22,"20":22,"21":0,"22":0,"23":1,"24":1,"25":1,"26":1,"27":6,"28":3,"29":2,"30":47,"31":7,"32":7,"33":7,"34":1,"35":6,"36":40,"37":47,"38":17,"39":17,"40":17,"41":17,"42":29,"43":29,"44":29,"45":29,"46":4,"47":29,"48":17,"49":30,"50":141,"51":141,"52":141,"53":141,"54":141,"55":141,"56":141,"57":45,"58":96,"59":0,"60":47,"61":47,"62":47,"63":0,"64":47,"65":0,"66":47,"67":47,"68":0,"69":0,"70":0,"71":0,"72":47,"73":47,"74":0,"75":47,"76":47,"77":0,"78":47,"79":47},"f":{"0":69,"1":0,"2":0,"3":1,"4":1,"5":1,"6":1,"7":6,"8":3,"9":2,"10":47,"11":47,"12":29,"13":141,"14":47,"15":0,"16":47,"17":47,"18":47,"19":47},"b":{"0":[47,22],"1":[47,0],"2":[47,47],"3":[47,30],"4":[7,40],"5":[7,0],"6":[1,6],"7":[17,30],"8":[28,1],"9":[4,25],"10":[29,28],"11":[141,0],"12":[141,0],"13":[45,96],"14":[47,0],"15":[47,47],"16":[0,47],"17":[0,47],"18":[47,0],"19":[0,0],"20":[47,0],"21":[47,0]},"_coverageSchema":"1a1c01bbd47fc00a2c39e90264f33305004495a9","hash":"251e8035e795f47a28219f63ace3a4deb3b648df"}
,"C:\\Users\\Standa\\Desktop\\Work\\Personal\\WEBCRAWLER\\src\\Constants\\Regex.ts": {"path":"C:\\Users\\Standa\\Desktop\\Work\\Personal\\WEBCRAWLER\\src\\Constants\\Regex.ts","statementMap":{"0":{"start":{"line":4,"column":27},"end":{"line":4,"column":108}},"1":{"start":{"line":7,"column":32},"end":{"line":7,"column":382}},"2":{"start":{"line":10,"column":31},"end":{"line":10,"column":60}},"3":{"start":{"line":13,"column":27},"end":{"line":13,"column":178}},"4":{"start":{"line":16,"column":26},"end":{"line":16,"column":179}},"5":{"start":{"line":19,"column":27},"end":{"line":19,"column":125}},"6":{"start":{"line":22,"column":23},"end":{"line":22,"column":38}},"7":{"start":{"line":25,"column":24},"end":{"line":25,"column":56}}},"fnMap":{},"branchMap":{},"s":{"0":2,"1":2,"2":2,"3":2,"4":2,"5":2,"6":2,"7":2},"f":{},"b":{},"_coverageSchema":"1a1c01bbd47fc00a2c39e90264f33305004495a9","hash":"2d9e74c8c5c18385e9dc0664088e502af92d08a8"}
,"C:\\Users\\Standa\\Desktop\\Work\\Personal\\WEBCRAWLER\\test\\Data\\Url.ts": {"path":"C:\\Users\\Standa\\Desktop\\Work\\Personal\\WEBCRAWLER\\test\\Data\\Url.ts","statementMap":{"0":{"start":{"line":1,"column":26},"end":{"line":46,"column":1}},"1":{"start":{"line":48,"column":28},"end":{"line":78,"column":1}}},"fnMap":{},"branchMap":{},"s":{"0":1,"1":1},"f":{},"b":{},"_coverageSchema":"1a1c01bbd47fc00a2c39e90264f33305004495a9","hash":"7960b44702026faed1bed2807eb0f16418db2830"}
}
