{"C:\\Users\\Standa\\Desktop\\Work\\Personal\\WEBCRAWLER\\src\\Class\\Page.ts": {"path":"C:\\Users\\Standa\\Desktop\\Work\\Personal\\WEBCRAWLER\\src\\Class\\Page.ts","statementMap":{"0":{"start":{"line":12,"column":8},"end":{"line":12,"column":58}},"1":{"start":{"line":13,"column":8},"end":{"line":13,"column":24}},"2":{"start":{"line":14,"column":8},"end":{"line":14,"column":27}},"3":{"start":{"line":15,"column":8},"end":{"line":15,"column":32}},"4":{"start":{"line":16,"column":8},"end":{"line":16,"column":32}},"5":{"start":{"line":19,"column":8},"end":{"line":19,"column":34}},"6":{"start":{"line":22,"column":8},"end":{"line":22,"column":23}},"7":{"start":{"line":25,"column":8},"end":{"line":25,"column":24}},"8":{"start":{"line":28,"column":8},"end":{"line":28,"column":25}},"9":{"start":{"line":31,"column":8},"end":{"line":31,"column":25}},"10":{"start":{"line":39,"column":8},"end":{"line":49,"column":9}},"11":{"start":{"line":40,"column":29},"end":{"line":40,"column":61}},"12":{"start":{"line":41,"column":12},"end":{"line":41,"column":45}},"13":{"start":{"line":42,"column":12},"end":{"line":42,"column":30}},"14":{"start":{"line":44,"column":34},"end":{"line":44,"column":80}},"15":{"start":{"line":45,"column":12},"end":{"line":45,"column":44}},"16":{"start":{"line":46,"column":12},"end":{"line":46,"column":44}},"17":{"start":{"line":48,"column":12},"end":{"line":48,"column":24}},"18":{"start":{"line":50,"column":8},"end":{"line":50,"column":19}},"19":{"start":{"line":54,"column":8},"end":{"line":54,"column":79}},"20":{"start":{"line":54,"column":42},"end":{"line":54,"column":78}},"21":{"start":{"line":58,"column":8},"end":{"line":58,"column":79}},"22":{"start":{"line":58,"column":42},"end":{"line":58,"column":78}},"23":{"start":{"line":62,"column":8},"end":{"line":62,"column":59}},"24":{"start":{"line":62,"column":47},"end":{"line":62,"column":59}},"25":{"start":{"line":63,"column":22},"end":{"line":63,"column":85}},"26":{"start":{"line":64,"column":8},"end":{"line":64,"column":39}},"27":{"start":{"line":64,"column":27},"end":{"line":64,"column":39}},"28":{"start":{"line":65,"column":8},"end":{"line":65,"column":24}},"29":{"start":{"line":69,"column":8},"end":{"line":69,"column":57}},"30":{"start":{"line":69,"column":46},"end":{"line":69,"column":57}},"31":{"start":{"line":70,"column":22},"end":{"line":70,"column":47}},"32":{"start":{"line":71,"column":8},"end":{"line":71,"column":37}},"33":{"start":{"line":71,"column":26},"end":{"line":71,"column":37}},"34":{"start":{"line":72,"column":8},"end":{"line":72,"column":71}},"35":{"start":{"line":76,"column":25},"end":{"line":76,"column":43}},"36":{"start":{"line":77,"column":24},"end":{"line":77,"column":73}},"37":{"start":{"line":77,"column":51},"end":{"line":77,"column":72}},"38":{"start":{"line":78,"column":8},"end":{"line":78,"column":55}},"39":{"start":{"line":82,"column":8},"end":{"line":82,"column":68}},"40":{"start":{"line":82,"column":46},"end":{"line":82,"column":68}},"41":{"start":{"line":83,"column":24},"end":{"line":83,"column":51}},"42":{"start":{"line":84,"column":8},"end":{"line":84,"column":50}},"43":{"start":{"line":84,"column":28},"end":{"line":84,"column":50}},"44":{"start":{"line":85,"column":36},"end":{"line":85,"column":38}},"45":{"start":{"line":87,"column":8},"end":{"line":96,"column":9}},"46":{"start":{"line":88,"column":33},"end":{"line":88,"column":69}},"47":{"start":{"line":89,"column":38},"end":{"line":89,"column":120}},"48":{"start":{"line":90,"column":36},"end":{"line":90,"column":75}},"49":{"start":{"line":91,"column":41},"end":{"line":91,"column":132}},"50":{"start":{"line":92,"column":12},"end":{"line":95,"column":14}},"51":{"start":{"line":98,"column":8},"end":{"line":98,"column":23}},"52":{"start":{"line":106,"column":8},"end":{"line":106,"column":42}},"53":{"start":{"line":106,"column":31},"end":{"line":106,"column":42}},"54":{"start":{"line":107,"column":30},"end":{"line":107,"column":72}},"55":{"start":{"line":108,"column":30},"end":{"line":108,"column":72}},"56":{"start":{"line":109,"column":25},"end":{"line":109,"column":61}},"57":{"start":{"line":111,"column":8},"end":{"line":114,"column":9}},"58":{"start":{"line":112,"column":44},"end":{"line":112,"column":69}},"59":{"start":{"line":113,"column":44},"end":{"line":113,"column":70}},"60":{"start":{"line":122,"column":8},"end":{"line":122,"column":42}},"61":{"start":{"line":122,"column":31},"end":{"line":122,"column":42}},"62":{"start":{"line":123,"column":26},"end":{"line":123,"column":89}},"63":{"start":{"line":124,"column":8},"end":{"line":124,"column":154}},"64":{"start":{"line":125,"column":8},"end":{"line":125,"column":139}},"65":{"start":{"line":127,"column":8},"end":{"line":130,"column":10}},"66":{"start":{"line":128,"column":24},"end":{"line":128,"column":41}},"67":{"start":{"line":129,"column":12},"end":{"line":129,"column":22}},"68":{"start":{"line":138,"column":8},"end":{"line":138,"column":42}},"69":{"start":{"line":138,"column":31},"end":{"line":138,"column":42}},"70":{"start":{"line":139,"column":26},"end":{"line":139,"column":89}},"71":{"start":{"line":140,"column":8},"end":{"line":140,"column":154}},"72":{"start":{"line":141,"column":8},"end":{"line":141,"column":139}},"73":{"start":{"line":143,"column":8},"end":{"line":152,"column":10}},"74":{"start":{"line":146,"column":23},"end":{"line":146,"column":31}},"75":{"start":{"line":147,"column":12},"end":{"line":147,"column":55}},"76":{"start":{"line":147,"column":38},"end":{"line":147,"column":55}},"77":{"start":{"line":149,"column":25},"end":{"line":149,"column":52}},"78":{"start":{"line":150,"column":24},"end":{"line":150,"column":81}},"79":{"start":{"line":151,"column":12},"end":{"line":151,"column":22}}},"fnMap":{"0":{"name":"(anonymous_0)","decl":{"start":{"line":11,"column":4},"end":{"line":11,"column":5}},"loc":{"start":{"line":11,"column":35},"end":{"line":17,"column":5}},"line":11},"1":{"name":"(anonymous_1)","decl":{"start":{"line":18,"column":4},"end":{"line":18,"column":5}},"loc":{"start":{"line":18,"column":28},"end":{"line":20,"column":5}},"line":18},"2":{"name":"(anonymous_2)","decl":{"start":{"line":21,"column":4},"end":{"line":21,"column":5}},"loc":{"start":{"line":21,"column":31},"end":{"line":23,"column":5}},"line":21},"3":{"name":"(anonymous_3)","decl":{"start":{"line":24,"column":4},"end":{"line":24,"column":5}},"loc":{"start":{"line":24,"column":36},"end":{"line":26,"column":5}},"line":24},"4":{"name":"(anonymous_4)","decl":{"start":{"line":27,"column":4},"end":{"line":27,"column":5}},"loc":{"start":{"line":27,"column":29},"end":{"line":29,"column":5}},"line":27},"5":{"name":"(anonymous_5)","decl":{"start":{"line":30,"column":4},"end":{"line":30,"column":5}},"loc":{"start":{"line":30,"column":29},"end":{"line":32,"column":5}},"line":30},"6":{"name":"(anonymous_6)","decl":{"start":{"line":38,"column":4},"end":{"line":38,"column":5}},"loc":{"start":{"line":38,"column":76},"end":{"line":51,"column":5}},"line":38},"7":{"name":"(anonymous_7)","decl":{"start":{"line":38,"column":33},"end":{"line":38,"column":34}},"loc":{"start":{"line":38,"column":49},"end":{"line":38,"column":52}},"line":38},"8":{"name":"(anonymous_8)","decl":{"start":{"line":53,"column":4},"end":{"line":53,"column":5}},"loc":{"start":{"line":53,"column":37},"end":{"line":55,"column":5}},"line":53},"9":{"name":"(anonymous_9)","decl":{"start":{"line":54,"column":33},"end":{"line":54,"column":34}},"loc":{"start":{"line":54,"column":42},"end":{"line":54,"column":78}},"line":54},"10":{"name":"(anonymous_10)","decl":{"start":{"line":57,"column":4},"end":{"line":57,"column":5}},"loc":{"start":{"line":57,"column":37},"end":{"line":59,"column":5}},"line":57},"11":{"name":"(anonymous_11)","decl":{"start":{"line":58,"column":33},"end":{"line":58,"column":34}},"loc":{"start":{"line":58,"column":42},"end":{"line":58,"column":78}},"line":58},"12":{"name":"(anonymous_12)","decl":{"start":{"line":61,"column":4},"end":{"line":61,"column":5}},"loc":{"start":{"line":61,"column":36},"end":{"line":66,"column":5}},"line":61},"13":{"name":"(anonymous_13)","decl":{"start":{"line":68,"column":4},"end":{"line":68,"column":5}},"loc":{"start":{"line":68,"column":40},"end":{"line":73,"column":5}},"line":68},"14":{"name":"(anonymous_14)","decl":{"start":{"line":75,"column":4},"end":{"line":75,"column":5}},"loc":{"start":{"line":75,"column":51},"end":{"line":79,"column":5}},"line":75},"15":{"name":"(anonymous_15)","decl":{"start":{"line":77,"column":38},"end":{"line":77,"column":39}},"loc":{"start":{"line":77,"column":51},"end":{"line":77,"column":72}},"line":77},"16":{"name":"(anonymous_16)","decl":{"start":{"line":81,"column":4},"end":{"line":81,"column":5}},"loc":{"start":{"line":81,"column":36},"end":{"line":99,"column":5}},"line":81},"17":{"name":"(anonymous_17)","decl":{"start":{"line":105,"column":4},"end":{"line":105,"column":5}},"loc":{"start":{"line":105,"column":65},"end":{"line":115,"column":5}},"line":105},"18":{"name":"(anonymous_18)","decl":{"start":{"line":112,"column":35},"end":{"line":112,"column":36}},"loc":{"start":{"line":112,"column":44},"end":{"line":112,"column":69}},"line":112},"19":{"name":"(anonymous_19)","decl":{"start":{"line":113,"column":35},"end":{"line":113,"column":36}},"loc":{"start":{"line":113,"column":44},"end":{"line":113,"column":70}},"line":113},"20":{"name":"(anonymous_20)","decl":{"start":{"line":121,"column":4},"end":{"line":121,"column":5}},"loc":{"start":{"line":121,"column":54},"end":{"line":131,"column":5}},"line":121},"21":{"name":"(anonymous_21)","decl":{"start":{"line":127,"column":58},"end":{"line":127,"column":59}},"loc":{"start":{"line":127,"column":69},"end":{"line":130,"column":9}},"line":127},"22":{"name":"(anonymous_22)","decl":{"start":{"line":137,"column":4},"end":{"line":137,"column":5}},"loc":{"start":{"line":137,"column":54},"end":{"line":153,"column":5}},"line":137},"23":{"name":"(anonymous_23)","decl":{"start":{"line":143,"column":58},"end":{"line":143,"column":59}},"loc":{"start":{"line":143,"column":69},"end":{"line":152,"column":9}},"line":143}},"branchMap":{"0":{"loc":{"start":{"line":12,"column":19},"end":{"line":12,"column":58}},"type":"cond-expr","locations":[{"start":{"line":12,"column":40},"end":{"line":12,"column":43}},{"start":{"line":12,"column":46},"end":{"line":12,"column":58}}],"line":12},"1":{"loc":{"start":{"line":38,"column":22},"end":{"line":38,"column":59}},"type":"default-arg","locations":[{"start":{"line":38,"column":57},"end":{"line":38,"column":59}}],"line":38},"2":{"loc":{"start":{"line":38,"column":24},"end":{"line":38,"column":52}},"type":"default-arg","locations":[{"start":{"line":38,"column":33},"end":{"line":38,"column":52}}],"line":38},"3":{"loc":{"start":{"line":39,"column":8},"end":{"line":49,"column":9}},"type":"if","locations":[{"start":{"line":39,"column":8},"end":{"line":49,"column":9}},{"start":{},"end":{}}],"line":39},"4":{"loc":{"start":{"line":44,"column":34},"end":{"line":44,"column":80}},"type":"binary-expr","locations":[{"start":{"line":44,"column":34},"end":{"line":44,"column":52}},{"start":{"line":44,"column":56},"end":{"line":44,"column":80}}],"line":44},"5":{"loc":{"start":{"line":62,"column":8},"end":{"line":62,"column":59}},"type":"if","locations":[{"start":{"line":62,"column":8},"end":{"line":62,"column":59}},{"start":{},"end":{}}],"line":62},"6":{"loc":{"start":{"line":62,"column":12},"end":{"line":62,"column":45}},"type":"binary-expr","locations":[{"start":{"line":62,"column":12},"end":{"line":62,"column":24}},{"start":{"line":62,"column":28},"end":{"line":62,"column":45}}],"line":62},"7":{"loc":{"start":{"line":64,"column":8},"end":{"line":64,"column":39}},"type":"if","locations":[{"start":{"line":64,"column":8},"end":{"line":64,"column":39}},{"start":{},"end":{}}],"line":64},"8":{"loc":{"start":{"line":69,"column":8},"end":{"line":69,"column":57}},"type":"if","locations":[{"start":{"line":69,"column":8},"end":{"line":69,"column":57}},{"start":{},"end":{}}],"line":69},"9":{"loc":{"start":{"line":69,"column":11},"end":{"line":69,"column":44}},"type":"binary-expr","locations":[{"start":{"line":69,"column":11},"end":{"line":69,"column":23}},{"start":{"line":69,"column":27},"end":{"line":69,"column":44}}],"line":69},"10":{"loc":{"start":{"line":71,"column":8},"end":{"line":71,"column":37}},"type":"if","locations":[{"start":{"line":71,"column":8},"end":{"line":71,"column":37}},{"start":{},"end":{}}],"line":71},"11":{"loc":{"start":{"line":78,"column":15},"end":{"line":78,"column":55}},"type":"cond-expr","locations":[{"start":{"line":78,"column":33},"end":{"line":78,"column":37}},{"start":{"line":78,"column":40},"end":{"line":78,"column":55}}],"line":78},"12":{"loc":{"start":{"line":82,"column":8},"end":{"line":82,"column":68}},"type":"if","locations":[{"start":{"line":82,"column":8},"end":{"line":82,"column":68}},{"start":{},"end":{}}],"line":82},"13":{"loc":{"start":{"line":82,"column":11},"end":{"line":82,"column":44}},"type":"binary-expr","locations":[{"start":{"line":82,"column":11},"end":{"line":82,"column":23}},{"start":{"line":82,"column":27},"end":{"line":82,"column":44}}],"line":82},"14":{"loc":{"start":{"line":84,"column":8},"end":{"line":84,"column":50}},"type":"if","locations":[{"start":{"line":84,"column":8},"end":{"line":84,"column":50}},{"start":{},"end":{}}],"line":84},"15":{"loc":{"start":{"line":89,"column":38},"end":{"line":89,"column":120}},"type":"cond-expr","locations":[{"start":{"line":89,"column":61},"end":{"line":89,"column":63}},{"start":{"line":89,"column":66},"end":{"line":89,"column":120}}],"line":89},"16":{"loc":{"start":{"line":91,"column":41},"end":{"line":91,"column":132}},"type":"cond-expr","locations":[{"start":{"line":91,"column":67},"end":{"line":91,"column":69}},{"start":{"line":91,"column":72},"end":{"line":91,"column":132}}],"line":91},"17":{"loc":{"start":{"line":106,"column":8},"end":{"line":106,"column":42}},"type":"if","locations":[{"start":{"line":106,"column":8},"end":{"line":106,"column":42}},{"start":{},"end":{}}],"line":106},"18":{"loc":{"start":{"line":107,"column":30},"end":{"line":107,"column":72}},"type":"binary-expr","locations":[{"start":{"line":107,"column":30},"end":{"line":107,"column":57}},{"start":{"line":107,"column":61},"end":{"line":107,"column":72}}],"line":107},"19":{"loc":{"start":{"line":108,"column":30},"end":{"line":108,"column":72}},"type":"binary-expr","locations":[{"start":{"line":108,"column":30},"end":{"line":108,"column":57}},{"start":{"line":108,"column":61},"end":{"line":108,"column":72}}],"line":108},"20":{"loc":{"start":{"line":112,"column":44},"end":{"line":112,"column":69}},"type":"binary-expr","locations":[{"start":{"line":112,"column":44},"end":{"line":112,"column":55}},{"start":{"line":112,"column":59},"end":{"line":112,"column":69}}],"line":112},"21":{"loc":{"start":{"line":113,"column":44},"end":{"line":113,"column":70}},"type":"binary-expr","locations":[{"start":{"line":113,"column":44},"end":{"line":113,"column":55}},{"start":{"line":113,"column":59},"end":{"line":113,"column":70}}],"line":113},"22":{"loc":{"start":{"line":122,"column":8},"end":{"line":122,"column":42}},"type":"if","locations":[{"start":{"line":122,"column":8},"end":{"line":122,"column":42}},{"start":{},"end":{}}],"line":122},"23":{"loc":{"start":{"line":138,"column":8},"end":{"line":138,"column":42}},"type":"if","locations":[{"start":{"line":138,"column":8},"end":{"line":138,"column":42}},{"start":{},"end":{}}],"line":138},"24":{"loc":{"start":{"line":147,"column":12},"end":{"line":147,"column":55}},"type":"if","locations":[{"start":{"line":147,"column":12},"end":{"line":147,"column":55}},{"start":{},"end":{}}],"line":147}},"s":{"0":2,"1":2,"2":2,"3":2,"4":2,"5":1,"6":0,"7":0,"8":1,"9":0,"10":0,"11":0,"12":0,"13":0,"14":0,"15":0,"16":0,"17":0,"18":0,"19":0,"20":0,"21":0,"22":0,"23":0,"24":0,"25":0,"26":0,"27":0,"28":0,"29":0,"30":0,"31":0,"32":0,"33":0,"34":0,"35":0,"36":0,"37":0,"38":0,"39":0,"40":0,"41":0,"42":0,"43":0,"44":0,"45":0,"46":0,"47":0,"48":0,"49":0,"50":0,"51":0,"52":0,"53":0,"54":0,"55":0,"56":0,"57":0,"58":0,"59":0,"60":0,"61":0,"62":0,"63":0,"64":0,"65":0,"66":0,"67":0,"68":0,"69":0,"70":0,"71":0,"72":0,"73":0,"74":0,"75":0,"76":0,"77":0,"78":0,"79":0},"f":{"0":2,"1":1,"2":0,"3":0,"4":1,"5":0,"6":0,"7":0,"8":0,"9":0,"10":0,"11":0,"12":0,"13":0,"14":0,"15":0,"16":0,"17":0,"18":0,"19":0,"20":0,"21":0,"22":0,"23":0},"b":{"0":[2,0],"1":[0],"2":[0],"3":[0,0],"4":[0,0],"5":[0,0],"6":[0,0],"7":[0,0],"8":[0,0],"9":[0,0],"10":[0,0],"11":[0,0],"12":[0,0],"13":[0,0],"14":[0,0],"15":[0,0],"16":[0,0],"17":[0,0],"18":[0,0],"19":[0,0],"20":[0,0],"21":[0,0],"22":[0,0],"23":[0,0],"24":[0,0]},"_coverageSchema":"1a1c01bbd47fc00a2c39e90264f33305004495a9","hash":"599ed7de687ee5c97454645967bf82b9fb9a99d5"}
,"C:\\Users\\Standa\\Desktop\\Work\\Personal\\WEBCRAWLER\\src\\Class\\Url.ts": {"path":"C:\\Users\\Standa\\Desktop\\Work\\Personal\\WEBCRAWLER\\src\\Class\\Url.ts","statementMap":{"0":{"start":{"line":19,"column":8},"end":{"line":19,"column":23}},"1":{"start":{"line":20,"column":8},"end":{"line":20,"column":49}},"2":{"start":{"line":22,"column":8},"end":{"line":44,"column":9}},"3":{"start":{"line":23,"column":12},"end":{"line":23,"column":59}},"4":{"start":{"line":24,"column":12},"end":{"line":24,"column":51}},"5":{"start":{"line":25,"column":12},"end":{"line":25,"column":92}},"6":{"start":{"line":26,"column":12},"end":{"line":26,"column":51}},"7":{"start":{"line":27,"column":12},"end":{"line":27,"column":55}},"8":{"start":{"line":28,"column":12},"end":{"line":28,"column":59}},"9":{"start":{"line":29,"column":12},"end":{"line":29,"column":51}},"10":{"start":{"line":30,"column":12},"end":{"line":30,"column":59}},"11":{"start":{"line":31,"column":12},"end":{"line":31,"column":47}},"12":{"start":{"line":32,"column":12},"end":{"line":32,"column":49}},"13":{"start":{"line":34,"column":12},"end":{"line":34,"column":33}},"14":{"start":{"line":35,"column":12},"end":{"line":35,"column":29}},"15":{"start":{"line":36,"column":12},"end":{"line":36,"column":31}},"16":{"start":{"line":37,"column":12},"end":{"line":37,"column":29}},"17":{"start":{"line":38,"column":12},"end":{"line":38,"column":31}},"18":{"start":{"line":39,"column":12},"end":{"line":39,"column":28}},"19":{"start":{"line":40,"column":12},"end":{"line":40,"column":29}},"20":{"start":{"line":41,"column":12},"end":{"line":41,"column":33}},"21":{"start":{"line":42,"column":12},"end":{"line":42,"column":31}},"22":{"start":{"line":43,"column":12},"end":{"line":43,"column":32}},"23":{"start":{"line":49,"column":8},"end":{"line":49,"column":24}},"24":{"start":{"line":53,"column":8},"end":{"line":53,"column":24}},"25":{"start":{"line":60,"column":8},"end":{"line":60,"column":25}},"26":{"start":{"line":67,"column":8},"end":{"line":67,"column":29}},"27":{"start":{"line":74,"column":8},"end":{"line":74,"column":27}},"28":{"start":{"line":81,"column":8},"end":{"line":81,"column":25}},"29":{"start":{"line":88,"column":8},"end":{"line":88,"column":27}},"30":{"start":{"line":95,"column":8},"end":{"line":95,"column":26}},"31":{"start":{"line":102,"column":8},"end":{"line":102,"column":25}},"32":{"start":{"line":109,"column":8},"end":{"line":109,"column":29}},"33":{"start":{"line":116,"column":8},"end":{"line":116,"column":52}},"34":{"start":{"line":121,"column":8},"end":{"line":129,"column":9}},"35":{"start":{"line":122,"column":27},"end":{"line":122,"column":41}},"36":{"start":{"line":123,"column":12},"end":{"line":128,"column":13}},"37":{"start":{"line":124,"column":16},"end":{"line":126,"column":17}},"38":{"start":{"line":125,"column":20},"end":{"line":125,"column":50}},"39":{"start":{"line":127,"column":16},"end":{"line":127,"column":32}},"40":{"start":{"line":130,"column":8},"end":{"line":130,"column":19}},"41":{"start":{"line":135,"column":8},"end":{"line":149,"column":9}},"42":{"start":{"line":136,"column":26},"end":{"line":136,"column":43}},"43":{"start":{"line":137,"column":31},"end":{"line":137,"column":47}},"44":{"start":{"line":138,"column":37},"end":{"line":138,"column":60}},"45":{"start":{"line":139,"column":12},"end":{"line":147,"column":14}},"46":{"start":{"line":140,"column":39},"end":{"line":140,"column":59}},"47":{"start":{"line":141,"column":52},"end":{"line":141,"column":54}},"48":{"start":{"line":142,"column":16},"end":{"line":142,"column":95}},"49":{"start":{"line":143,"column":16},"end":{"line":145,"column":17}},"50":{"start":{"line":144,"column":20},"end":{"line":144,"column":88}},"51":{"start":{"line":146,"column":16},"end":{"line":146,"column":54}},"52":{"start":{"line":148,"column":12},"end":{"line":148,"column":35}},"53":{"start":{"line":150,"column":8},"end":{"line":150,"column":19}},"54":{"start":{"line":155,"column":8},"end":{"line":168,"column":9}},"55":{"start":{"line":157,"column":12},"end":{"line":157,"column":35}},"56":{"start":{"line":158,"column":12},"end":{"line":158,"column":35}},"57":{"start":{"line":160,"column":27},"end":{"line":160,"column":41}},"58":{"start":{"line":161,"column":12},"end":{"line":167,"column":13}},"59":{"start":{"line":162,"column":31},"end":{"line":162,"column":56}},"60":{"start":{"line":163,"column":16},"end":{"line":165,"column":17}},"61":{"start":{"line":164,"column":20},"end":{"line":164,"column":35}},"62":{"start":{"line":166,"column":16},"end":{"line":166,"column":27}},"63":{"start":{"line":169,"column":8},"end":{"line":169,"column":19}},"64":{"start":{"line":174,"column":8},"end":{"line":180,"column":9}},"65":{"start":{"line":175,"column":36},"end":{"line":175,"column":62}},"66":{"start":{"line":176,"column":12},"end":{"line":176,"column":44}},"67":{"start":{"line":176,"column":33},"end":{"line":176,"column":44}},"68":{"start":{"line":177,"column":12},"end":{"line":177,"column":51}},"69":{"start":{"line":177,"column":40},"end":{"line":177,"column":51}},"70":{"start":{"line":178,"column":29},"end":{"line":178,"column":50}},"71":{"start":{"line":179,"column":12},"end":{"line":179,"column":45}},"72":{"start":{"line":181,"column":8},"end":{"line":181,"column":19}},"73":{"start":{"line":186,"column":25},"end":{"line":186,"column":45}},"74":{"start":{"line":187,"column":8},"end":{"line":187,"column":40}},"75":{"start":{"line":187,"column":29},"end":{"line":187,"column":40}},"76":{"start":{"line":188,"column":8},"end":{"line":192,"column":9}},"77":{"start":{"line":189,"column":27},"end":{"line":189,"column":46}},"78":{"start":{"line":190,"column":12},"end":{"line":190,"column":24}},"79":{"start":{"line":191,"column":12},"end":{"line":191,"column":35}},"80":{"start":{"line":193,"column":8},"end":{"line":193,"column":19}},"81":{"start":{"line":198,"column":8},"end":{"line":200,"column":9}},"82":{"start":{"line":199,"column":12},"end":{"line":199,"column":82}},"83":{"start":{"line":201,"column":8},"end":{"line":201,"column":19}},"84":{"start":{"line":206,"column":8},"end":{"line":208,"column":9}},"85":{"start":{"line":207,"column":12},"end":{"line":207,"column":52}},"86":{"start":{"line":209,"column":8},"end":{"line":209,"column":19}},"87":{"start":{"line":214,"column":8},"end":{"line":216,"column":9}},"88":{"start":{"line":215,"column":12},"end":{"line":215,"column":46}},"89":{"start":{"line":217,"column":8},"end":{"line":217,"column":19}},"90":{"start":{"line":222,"column":8},"end":{"line":224,"column":9}},"91":{"start":{"line":223,"column":12},"end":{"line":223,"column":23}},"92":{"start":{"line":225,"column":20},"end":{"line":225,"column":65}},"93":{"start":{"line":226,"column":8},"end":{"line":232,"column":9}},"94":{"start":{"line":231,"column":12},"end":{"line":231,"column":23}},"95":{"start":{"line":233,"column":8},"end":{"line":233,"column":20}},"96":{"start":{"line":238,"column":8},"end":{"line":238,"column":31}}},"fnMap":{"0":{"name":"(anonymous_0)","decl":{"start":{"line":18,"column":4},"end":{"line":18,"column":5}},"loc":{"start":{"line":18,"column":29},"end":{"line":46,"column":5}},"line":18},"1":{"name":"(anonymous_1)","decl":{"start":{"line":48,"column":4},"end":{"line":48,"column":5}},"loc":{"start":{"line":48,"column":30},"end":{"line":50,"column":5}},"line":48},"2":{"name":"(anonymous_2)","decl":{"start":{"line":52,"column":4},"end":{"line":52,"column":5}},"loc":{"start":{"line":52,"column":32},"end":{"line":54,"column":5}},"line":52},"3":{"name":"(anonymous_3)","decl":{"start":{"line":59,"column":4},"end":{"line":59,"column":5}},"loc":{"start":{"line":59,"column":34},"end":{"line":61,"column":5}},"line":59},"4":{"name":"(anonymous_4)","decl":{"start":{"line":66,"column":4},"end":{"line":66,"column":5}},"loc":{"start":{"line":66,"column":38},"end":{"line":68,"column":5}},"line":66},"5":{"name":"(anonymous_5)","decl":{"start":{"line":73,"column":4},"end":{"line":73,"column":5}},"loc":{"start":{"line":73,"column":36},"end":{"line":75,"column":5}},"line":73},"6":{"name":"(anonymous_6)","decl":{"start":{"line":80,"column":4},"end":{"line":80,"column":5}},"loc":{"start":{"line":80,"column":34},"end":{"line":82,"column":5}},"line":80},"7":{"name":"(anonymous_7)","decl":{"start":{"line":87,"column":4},"end":{"line":87,"column":5}},"loc":{"start":{"line":87,"column":36},"end":{"line":89,"column":5}},"line":87},"8":{"name":"(anonymous_8)","decl":{"start":{"line":94,"column":4},"end":{"line":94,"column":5}},"loc":{"start":{"line":94,"column":36},"end":{"line":96,"column":5}},"line":94},"9":{"name":"(anonymous_9)","decl":{"start":{"line":101,"column":4},"end":{"line":101,"column":5}},"loc":{"start":{"line":101,"column":34},"end":{"line":103,"column":5}},"line":101},"10":{"name":"(anonymous_10)","decl":{"start":{"line":108,"column":4},"end":{"line":108,"column":5}},"loc":{"start":{"line":108,"column":38},"end":{"line":110,"column":5}},"line":108},"11":{"name":"(anonymous_11)","decl":{"start":{"line":115,"column":4},"end":{"line":115,"column":5}},"loc":{"start":{"line":115,"column":35},"end":{"line":117,"column":5}},"line":115},"12":{"name":"(anonymous_12)","decl":{"start":{"line":120,"column":4},"end":{"line":120,"column":5}},"loc":{"start":{"line":120,"column":55},"end":{"line":131,"column":5}},"line":120},"13":{"name":"(anonymous_13)","decl":{"start":{"line":134,"column":4},"end":{"line":134,"column":5}},"loc":{"start":{"line":134,"column":67},"end":{"line":151,"column":5}},"line":134},"14":{"name":"(anonymous_14)","decl":{"start":{"line":139,"column":31},"end":{"line":139,"column":32}},"loc":{"start":{"line":139,"column":46},"end":{"line":147,"column":13}},"line":139},"15":{"name":"(anonymous_15)","decl":{"start":{"line":154,"column":4},"end":{"line":154,"column":5}},"loc":{"start":{"line":154,"column":59},"end":{"line":170,"column":5}},"line":154},"16":{"name":"(anonymous_16)","decl":{"start":{"line":173,"column":4},"end":{"line":173,"column":5}},"loc":{"start":{"line":173,"column":55},"end":{"line":182,"column":5}},"line":173},"17":{"name":"(anonymous_17)","decl":{"start":{"line":185,"column":4},"end":{"line":185,"column":5}},"loc":{"start":{"line":185,"column":57},"end":{"line":194,"column":5}},"line":185},"18":{"name":"(anonymous_18)","decl":{"start":{"line":197,"column":4},"end":{"line":197,"column":5}},"loc":{"start":{"line":197,"column":57},"end":{"line":202,"column":5}},"line":197},"19":{"name":"(anonymous_19)","decl":{"start":{"line":205,"column":4},"end":{"line":205,"column":5}},"loc":{"start":{"line":205,"column":55},"end":{"line":210,"column":5}},"line":205},"20":{"name":"(anonymous_20)","decl":{"start":{"line":213,"column":4},"end":{"line":213,"column":5}},"loc":{"start":{"line":213,"column":59},"end":{"line":218,"column":5}},"line":213},"21":{"name":"(anonymous_21)","decl":{"start":{"line":221,"column":4},"end":{"line":221,"column":5}},"loc":{"start":{"line":221,"column":48},"end":{"line":234,"column":5}},"line":221},"22":{"name":"(anonymous_22)","decl":{"start":{"line":237,"column":4},"end":{"line":237,"column":5}},"loc":{"start":{"line":237,"column":49},"end":{"line":239,"column":5}},"line":237}},"branchMap":{"0":{"loc":{"start":{"line":22,"column":8},"end":{"line":44,"column":9}},"type":"if","locations":[{"start":{"line":22,"column":8},"end":{"line":44,"column":9}},{"start":{"line":33,"column":15},"end":{"line":44,"column":9}}],"line":22},"1":{"loc":{"start":{"line":25,"column":27},"end":{"line":25,"column":92}},"type":"cond-expr","locations":[{"start":{"line":25,"column":58},"end":{"line":25,"column":85}},{"start":{"line":25,"column":88},"end":{"line":25,"column":92}}],"line":25},"2":{"loc":{"start":{"line":25,"column":27},"end":{"line":25,"column":55}},"type":"binary-expr","locations":[{"start":{"line":25,"column":27},"end":{"line":25,"column":41}},{"start":{"line":25,"column":45},"end":{"line":25,"column":55}}],"line":25},"3":{"loc":{"start":{"line":28,"column":26},"end":{"line":28,"column":59}},"type":"binary-expr","locations":[{"start":{"line":28,"column":26},"end":{"line":28,"column":53}},{"start":{"line":28,"column":57},"end":{"line":28,"column":59}}],"line":28},"4":{"loc":{"start":{"line":121,"column":8},"end":{"line":129,"column":9}},"type":"if","locations":[{"start":{"line":121,"column":8},"end":{"line":129,"column":9}},{"start":{},"end":{}}],"line":121},"5":{"loc":{"start":{"line":123,"column":12},"end":{"line":128,"column":13}},"type":"if","locations":[{"start":{"line":123,"column":12},"end":{"line":128,"column":13}},{"start":{},"end":{}}],"line":123},"6":{"loc":{"start":{"line":124,"column":16},"end":{"line":126,"column":17}},"type":"if","locations":[{"start":{"line":124,"column":16},"end":{"line":126,"column":17}},{"start":{},"end":{}}],"line":124},"7":{"loc":{"start":{"line":135,"column":8},"end":{"line":149,"column":9}},"type":"if","locations":[{"start":{"line":135,"column":8},"end":{"line":149,"column":9}},{"start":{},"end":{}}],"line":135},"8":{"loc":{"start":{"line":142,"column":53},"end":{"line":142,"column":95}},"type":"cond-expr","locations":[{"start":{"line":142,"column":73},"end":{"line":142,"column":90}},{"start":{"line":142,"column":93},"end":{"line":142,"column":95}}],"line":142},"9":{"loc":{"start":{"line":143,"column":16},"end":{"line":145,"column":17}},"type":"if","locations":[{"start":{"line":143,"column":16},"end":{"line":145,"column":17}},{"start":{},"end":{}}],"line":143},"10":{"loc":{"start":{"line":143,"column":19},"end":{"line":143,"column":71}},"type":"binary-expr","locations":[{"start":{"line":143,"column":19},"end":{"line":143,"column":36}},{"start":{"line":143,"column":40},"end":{"line":143,"column":71}}],"line":143},"11":{"loc":{"start":{"line":155,"column":8},"end":{"line":168,"column":9}},"type":"if","locations":[{"start":{"line":155,"column":8},"end":{"line":168,"column":9}},{"start":{},"end":{}}],"line":155},"12":{"loc":{"start":{"line":161,"column":12},"end":{"line":167,"column":13}},"type":"if","locations":[{"start":{"line":161,"column":12},"end":{"line":167,"column":13}},{"start":{},"end":{}}],"line":161},"13":{"loc":{"start":{"line":163,"column":16},"end":{"line":165,"column":17}},"type":"if","locations":[{"start":{"line":163,"column":16},"end":{"line":165,"column":17}},{"start":{},"end":{}}],"line":163},"14":{"loc":{"start":{"line":174,"column":8},"end":{"line":180,"column":9}},"type":"if","locations":[{"start":{"line":174,"column":8},"end":{"line":180,"column":9}},{"start":{},"end":{}}],"line":174},"15":{"loc":{"start":{"line":174,"column":11},"end":{"line":174,"column":64}},"type":"binary-expr","locations":[{"start":{"line":174,"column":11},"end":{"line":174,"column":36}},{"start":{"line":174,"column":40},"end":{"line":174,"column":64}}],"line":174},"16":{"loc":{"start":{"line":176,"column":12},"end":{"line":176,"column":44}},"type":"if","locations":[{"start":{"line":176,"column":12},"end":{"line":176,"column":44}},{"start":{},"end":{}}],"line":176},"17":{"loc":{"start":{"line":177,"column":12},"end":{"line":177,"column":51}},"type":"if","locations":[{"start":{"line":177,"column":12},"end":{"line":177,"column":51}},{"start":{},"end":{}}],"line":177},"18":{"loc":{"start":{"line":179,"column":19},"end":{"line":179,"column":45}},"type":"cond-expr","locations":[{"start":{"line":179,"column":30},"end":{"line":179,"column":38}},{"start":{"line":179,"column":41},"end":{"line":179,"column":45}}],"line":179},"19":{"loc":{"start":{"line":187,"column":8},"end":{"line":187,"column":40}},"type":"if","locations":[{"start":{"line":187,"column":8},"end":{"line":187,"column":40}},{"start":{},"end":{}}],"line":187},"20":{"loc":{"start":{"line":188,"column":8},"end":{"line":192,"column":9}},"type":"if","locations":[{"start":{"line":188,"column":8},"end":{"line":192,"column":9}},{"start":{},"end":{}}],"line":188},"21":{"loc":{"start":{"line":198,"column":8},"end":{"line":200,"column":9}},"type":"if","locations":[{"start":{"line":198,"column":8},"end":{"line":200,"column":9}},{"start":{},"end":{}}],"line":198},"22":{"loc":{"start":{"line":206,"column":8},"end":{"line":208,"column":9}},"type":"if","locations":[{"start":{"line":206,"column":8},"end":{"line":208,"column":9}},{"start":{},"end":{}}],"line":206},"23":{"loc":{"start":{"line":214,"column":8},"end":{"line":216,"column":9}},"type":"if","locations":[{"start":{"line":214,"column":8},"end":{"line":216,"column":9}},{"start":{},"end":{}}],"line":214},"24":{"loc":{"start":{"line":222,"column":8},"end":{"line":224,"column":9}},"type":"if","locations":[{"start":{"line":222,"column":8},"end":{"line":224,"column":9}},{"start":{},"end":{}}],"line":222},"25":{"loc":{"start":{"line":225,"column":20},"end":{"line":225,"column":65}},"type":"binary-expr","locations":[{"start":{"line":225,"column":20},"end":{"line":225,"column":59}},{"start":{"line":225,"column":63},"end":{"line":225,"column":65}}],"line":225},"26":{"loc":{"start":{"line":226,"column":8},"end":{"line":232,"column":9}},"type":"if","locations":[{"start":{"line":226,"column":8},"end":{"line":232,"column":9}},{"start":{},"end":{}}],"line":226},"27":{"loc":{"start":{"line":226,"column":11},"end":{"line":230,"column":25}},"type":"binary-expr","locations":[{"start":{"line":226,"column":11},"end":{"line":226,"column":25}},{"start":{"line":227,"column":11},"end":{"line":227,"column":24}},{"start":{"line":228,"column":11},"end":{"line":228,"column":24}},{"start":{"line":229,"column":11},"end":{"line":229,"column":24}},{"start":{"line":230,"column":11},"end":{"line":230,"column":25}}],"line":226}},"s":{"0":71,"1":71,"2":71,"3":49,"4":49,"5":49,"6":49,"7":49,"8":49,"9":49,"10":49,"11":49,"12":49,"13":22,"14":22,"15":22,"16":22,"17":22,"18":22,"19":22,"20":22,"21":22,"22":22,"23":1,"24":0,"25":1,"26":1,"27":1,"28":2,"29":0,"30":6,"31":3,"32":2,"33":0,"34":49,"35":7,"36":7,"37":7,"38":1,"39":6,"40":42,"41":49,"42":17,"43":17,"44":17,"45":17,"46":29,"47":29,"48":29,"49":29,"50":4,"51":29,"52":17,"53":32,"54":181,"55":181,"56":181,"57":181,"58":181,"59":181,"60":181,"61":85,"62":96,"63":0,"64":98,"65":98,"66":98,"67":0,"68":98,"69":0,"70":98,"71":98,"72":0,"73":49,"74":49,"75":0,"76":49,"77":39,"78":39,"79":39,"80":10,"81":0,"82":0,"83":0,"84":49,"85":49,"86":0,"87":49,"88":49,"89":0,"90":98,"91":64,"92":34,"93":34,"94":6,"95":28,"96":49},"f":{"0":71,"1":1,"2":0,"3":1,"4":1,"5":1,"6":2,"7":0,"8":6,"9":3,"10":2,"11":0,"12":49,"13":49,"14":29,"15":181,"16":98,"17":49,"18":0,"19":49,"20":49,"21":98,"22":49},"b":{"0":[49,22],"1":[49,0],"2":[49,49],"3":[49,32],"4":[7,42],"5":[7,0],"6":[1,6],"7":[17,32],"8":[28,1],"9":[4,25],"10":[29,28],"11":[181,0],"12":[181,0],"13":[85,96],"14":[98,0],"15":[98,98],"16":[0,98],"17":[0,98],"18":[98,0],"19":[0,49],"20":[39,10],"21":[0,0],"22":[49,0],"23":[49,0],"24":[64,34],"25":[34,0],"26":[6,28],"27":[34,32,32,28,28]},"_coverageSchema":"1a1c01bbd47fc00a2c39e90264f33305004495a9","hash":"5950fc3fc16b2381e2816d50c270408dbb26bf26"}
,"C:\\Users\\Standa\\Desktop\\Work\\Personal\\WEBCRAWLER\\src\\Constants\\Regex.ts": {"path":"C:\\Users\\Standa\\Desktop\\Work\\Personal\\WEBCRAWLER\\src\\Constants\\Regex.ts","statementMap":{"0":{"start":{"line":4,"column":27},"end":{"line":4,"column":108}},"1":{"start":{"line":7,"column":32},"end":{"line":7,"column":382}},"2":{"start":{"line":10,"column":31},"end":{"line":10,"column":60}},"3":{"start":{"line":13,"column":27},"end":{"line":13,"column":178}},"4":{"start":{"line":16,"column":26},"end":{"line":16,"column":179}},"5":{"start":{"line":19,"column":27},"end":{"line":19,"column":127}},"6":{"start":{"line":22,"column":23},"end":{"line":22,"column":38}},"7":{"start":{"line":25,"column":24},"end":{"line":25,"column":56}}},"fnMap":{},"branchMap":{},"s":{"0":3,"1":3,"2":3,"3":3,"4":3,"5":3,"6":3,"7":3},"f":{},"b":{},"_coverageSchema":"1a1c01bbd47fc00a2c39e90264f33305004495a9","hash":"dc3feb468b7726f04139c59df2e2e9064bcf5b9d"}
,"C:\\Users\\Standa\\Desktop\\Work\\Personal\\WEBCRAWLER\\test\\Data\\Url.ts": {"path":"C:\\Users\\Standa\\Desktop\\Work\\Personal\\WEBCRAWLER\\test\\Data\\Url.ts","statementMap":{"0":{"start":{"line":1,"column":26},"end":{"line":46,"column":1}},"1":{"start":{"line":48,"column":28},"end":{"line":78,"column":1}}},"fnMap":{},"branchMap":{},"s":{"0":1,"1":1},"f":{},"b":{},"_coverageSchema":"1a1c01bbd47fc00a2c39e90264f33305004495a9","hash":"7960b44702026faed1bed2807eb0f16418db2830"}
}
