TN:
SF:src\Class\Url.ts
FN:17,(anonymous_0)
FN:45,(anonymous_1)
FN:49,(anonymous_2)
FN:56,(anonymous_3)
FN:63,(anonymous_4)
FN:70,(anonymous_5)
FN:77,(anonymous_6)
FN:84,(anonymous_7)
FN:91,(anonymous_8)
FN:98,(anonymous_9)
FN:103,(anonymous_10)
FN:117,(anonymous_11)
FN:122,(anonymous_12)
FN:137,(anonymous_13)
FN:156,(anonymous_14)
FN:168,(anonymous_15)
FN:176,(anonymous_16)
FN:184,(anonymous_17)
FN:192,(anonymous_18)
FN:197,(anonymous_19)
FNF:20
FNH:17
FNDA:69,(anonymous_0)
FNDA:0,(anonymous_1)
FNDA:0,(anonymous_2)
FNDA:1,(anonymous_3)
FNDA:1,(anonymous_4)
FNDA:1,(anonymous_5)
FNDA:1,(anonymous_6)
FNDA:6,(anonymous_7)
FNDA:3,(anonymous_8)
FNDA:2,(anonymous_9)
FNDA:47,(anonymous_10)
FNDA:47,(anonymous_11)
FNDA:29,(anonymous_12)
FNDA:141,(anonymous_13)
FNDA:47,(anonymous_14)
FNDA:0,(anonymous_15)
FNDA:47,(anonymous_16)
FNDA:47,(anonymous_17)
FNDA:47,(anonymous_18)
FNDA:47,(anonymous_19)
DA:18,69
DA:19,69
DA:21,69
DA:22,47
DA:23,47
DA:24,47
DA:25,47
DA:26,47
DA:27,47
DA:28,47
DA:29,47
DA:30,47
DA:32,22
DA:33,22
DA:34,22
DA:35,22
DA:36,22
DA:37,22
DA:38,22
DA:39,22
DA:40,22
DA:46,0
DA:50,0
DA:57,1
DA:64,1
DA:71,1
DA:78,1
DA:85,6
DA:92,3
DA:99,2
DA:104,47
DA:105,7
DA:106,7
DA:107,7
DA:108,1
DA:110,6
DA:113,40
DA:118,47
DA:119,17
DA:120,17
DA:121,17
DA:122,17
DA:123,29
DA:124,29
DA:125,29
DA:126,29
DA:127,4
DA:129,29
DA:131,17
DA:133,30
DA:138,141
DA:140,141
DA:141,141
DA:143,141
DA:144,141
DA:145,141
DA:146,141
DA:147,45
DA:149,96
DA:152,0
DA:157,47
DA:158,47
DA:159,47
DA:160,47
DA:161,47
DA:162,47
DA:164,0
DA:169,0
DA:170,0
DA:172,0
DA:177,47
DA:178,47
DA:180,0
DA:185,47
DA:186,47
DA:188,0
DA:193,47
DA:198,47
LF:78
LH:69
BRDA:21,0,0,47
BRDA:21,0,1,22
BRDA:24,1,0,47
BRDA:24,1,1,0
BRDA:24,2,0,47
BRDA:24,2,1,47
BRDA:26,3,0,47
BRDA:26,3,1,30
BRDA:104,4,0,7
BRDA:104,4,1,40
BRDA:106,5,0,7
BRDA:106,5,1,0
BRDA:107,6,0,1
BRDA:107,6,1,6
BRDA:118,7,0,17
BRDA:118,7,1,30
BRDA:125,8,0,28
BRDA:125,8,1,1
BRDA:126,9,0,4
BRDA:126,9,1,25
BRDA:126,10,0,29
BRDA:126,10,1,28
BRDA:138,11,0,141
BRDA:138,11,1,0
BRDA:144,12,0,141
BRDA:144,12,1,0
BRDA:146,13,0,45
BRDA:146,13,1,96
BRDA:157,14,0,47
BRDA:157,14,1,0
BRDA:157,15,0,47
BRDA:157,15,1,47
BRDA:159,16,0,0
BRDA:159,16,1,47
BRDA:160,17,0,0
BRDA:160,17,1,47
BRDA:162,18,0,47
BRDA:162,18,1,0
BRDA:169,19,0,0
BRDA:169,19,1,0
BRDA:177,20,0,47
BRDA:177,20,1,0
BRDA:185,21,0,47
BRDA:185,21,1,0
BRF:44
BRH:32
end_of_record
TN:
SF:src\Constants\Regex.ts
FNF:0
FNH:0
DA:4,2
DA:7,2
DA:10,2
DA:13,2
DA:16,2
DA:19,2
LF:6
LH:6
BRF:0
BRH:0
end_of_record
TN:
SF:test\Data\Url.ts
FNF:0
FNH:0
DA:1,1
DA:48,1
LF:2
LH:2
BRF:0
BRH:0
end_of_record
