TN:
SF:src\Class\Page.ts
FN:11,(anonymous_0)
FN:18,(anonymous_1)
FN:21,(anonymous_2)
FN:24,(anonymous_3)
FN:27,(anonymous_4)
FN:35,(anonymous_5)
FN:35,(anonymous_6)
FN:50,(anonymous_7)
FN:51,(anonymous_8)
FN:54,(anonymous_9)
FN:55,(anonymous_10)
FN:58,(anonymous_11)
FN:65,(anonymous_12)
FN:72,(anonymous_13)
FN:74,(anonymous_14)
FN:78,(anonymous_15)
FN:102,(anonymous_16)
FN:109,(anonymous_17)
FN:110,(anonymous_18)
FN:118,(anonymous_19)
FN:124,(anonymous_20)
FN:134,(anonymous_21)
FN:140,(anonymous_22)
FNF:23
FNH:3
FNDA:2,(anonymous_0)
FNDA:1,(anonymous_1)
FNDA:0,(anonymous_2)
FNDA:1,(anonymous_3)
FNDA:0,(anonymous_4)
FNDA:0,(anonymous_5)
FNDA:0,(anonymous_6)
FNDA:0,(anonymous_7)
FNDA:0,(anonymous_8)
FNDA:0,(anonymous_9)
FNDA:0,(anonymous_10)
FNDA:0,(anonymous_11)
FNDA:0,(anonymous_12)
FNDA:0,(anonymous_13)
FNDA:0,(anonymous_14)
FNDA:0,(anonymous_15)
FNDA:0,(anonymous_16)
FNDA:0,(anonymous_17)
FNDA:0,(anonymous_18)
FNDA:0,(anonymous_19)
FNDA:0,(anonymous_20)
FNDA:0,(anonymous_21)
FNDA:0,(anonymous_22)
DA:12,2
DA:13,2
DA:14,2
DA:15,2
DA:16,2
DA:19,1
DA:22,0
DA:25,1
DA:28,0
DA:36,0
DA:37,0
DA:38,0
DA:39,0
DA:41,0
DA:42,0
DA:43,0
DA:45,0
DA:47,0
DA:51,0
DA:55,0
DA:59,0
DA:60,0
DA:61,0
DA:62,0
DA:66,0
DA:67,0
DA:68,0
DA:69,0
DA:73,0
DA:74,0
DA:75,0
DA:79,0
DA:80,0
DA:81,0
DA:82,0
DA:84,0
DA:85,0
DA:86,0
DA:87,0
DA:88,0
DA:89,0
DA:95,0
DA:103,0
DA:104,0
DA:105,0
DA:106,0
DA:108,0
DA:109,0
DA:110,0
DA:119,0
DA:120,0
DA:121,0
DA:122,0
DA:124,0
DA:125,0
DA:126,0
DA:135,0
DA:136,0
DA:137,0
DA:138,0
DA:140,0
DA:141,0
DA:142,0
DA:143,0
LF:64
LH:7
BRDA:12,0,0,2
BRDA:12,0,1,0
BRDA:35,1,0,0
BRDA:35,2,0,0
BRDA:36,3,0,0
BRDA:36,3,1,0
BRDA:41,4,0,0
BRDA:41,4,1,0
BRDA:59,5,0,0
BRDA:59,5,1,0
BRDA:59,6,0,0
BRDA:59,6,1,0
BRDA:61,7,0,0
BRDA:61,7,1,0
BRDA:66,8,0,0
BRDA:66,8,1,0
BRDA:66,9,0,0
BRDA:66,9,1,0
BRDA:68,10,0,0
BRDA:68,10,1,0
BRDA:75,11,0,0
BRDA:75,11,1,0
BRDA:79,12,0,0
BRDA:79,12,1,0
BRDA:79,13,0,0
BRDA:79,13,1,0
BRDA:81,14,0,0
BRDA:81,14,1,0
BRDA:86,15,0,0
BRDA:86,15,1,0
BRDA:88,16,0,0
BRDA:88,16,1,0
BRDA:103,17,0,0
BRDA:103,17,1,0
BRDA:104,18,0,0
BRDA:104,18,1,0
BRDA:105,19,0,0
BRDA:105,19,1,0
BRDA:109,20,0,0
BRDA:109,20,1,0
BRDA:110,21,0,0
BRDA:110,21,1,0
BRDA:119,22,0,0
BRDA:119,22,1,0
BRDA:135,23,0,0
BRDA:135,23,1,0
BRDA:141,24,0,0
BRDA:141,24,1,0
BRF:48
BRH:1
end_of_record
TN:
SF:src\Class\Url.ts
FN:17,(anonymous_0)
FN:45,(anonymous_1)
FN:49,(anonymous_2)
FN:56,(anonymous_3)
FN:63,(anonymous_4)
FN:70,(anonymous_5)
FN:77,(anonymous_6)
FN:84,(anonymous_7)
FN:91,(anonymous_8)
FN:98,(anonymous_9)
FN:103,(anonymous_10)
FN:117,(anonymous_11)
FN:122,(anonymous_12)
FN:137,(anonymous_13)
FN:156,(anonymous_14)
FN:168,(anonymous_15)
FN:176,(anonymous_16)
FN:184,(anonymous_17)
FN:192,(anonymous_18)
FN:197,(anonymous_19)
FNF:20
FNH:18
FNDA:70,(anonymous_0)
FNDA:1,(anonymous_1)
FNDA:0,(anonymous_2)
FNDA:1,(anonymous_3)
FNDA:1,(anonymous_4)
FNDA:1,(anonymous_5)
FNDA:1,(anonymous_6)
FNDA:6,(anonymous_7)
FNDA:3,(anonymous_8)
FNDA:2,(anonymous_9)
FNDA:48,(anonymous_10)
FNDA:48,(anonymous_11)
FNDA:29,(anonymous_12)
FNDA:144,(anonymous_13)
FNDA:48,(anonymous_14)
FNDA:0,(anonymous_15)
FNDA:48,(anonymous_16)
FNDA:48,(anonymous_17)
FNDA:48,(anonymous_18)
FNDA:48,(anonymous_19)
DA:18,70
DA:19,70
DA:21,70
DA:22,48
DA:23,48
DA:24,48
DA:25,48
DA:26,48
DA:27,48
DA:28,48
DA:29,48
DA:30,48
DA:32,22
DA:33,22
DA:34,22
DA:35,22
DA:36,22
DA:37,22
DA:38,22
DA:39,22
DA:40,22
DA:46,1
DA:50,0
DA:57,1
DA:64,1
DA:71,1
DA:78,1
DA:85,6
DA:92,3
DA:99,2
DA:104,48
DA:105,7
DA:106,7
DA:107,7
DA:108,1
DA:110,6
DA:113,41
DA:118,48
DA:119,17
DA:120,17
DA:121,17
DA:122,17
DA:123,29
DA:124,29
DA:125,29
DA:126,29
DA:127,4
DA:129,29
DA:131,17
DA:133,31
DA:138,144
DA:140,144
DA:141,144
DA:143,144
DA:144,144
DA:145,144
DA:146,144
DA:147,48
DA:149,96
DA:152,0
DA:157,48
DA:158,48
DA:159,48
DA:160,48
DA:161,48
DA:162,48
DA:164,0
DA:169,0
DA:170,0
DA:172,0
DA:177,48
DA:178,48
DA:180,0
DA:185,48
DA:186,48
DA:188,0
DA:193,48
DA:198,48
LF:78
LH:70
BRDA:21,0,0,48
BRDA:21,0,1,22
BRDA:24,1,0,48
BRDA:24,1,1,0
BRDA:24,2,0,48
BRDA:24,2,1,48
BRDA:26,3,0,48
BRDA:26,3,1,31
BRDA:104,4,0,7
BRDA:104,4,1,41
BRDA:106,5,0,7
BRDA:106,5,1,0
BRDA:107,6,0,1
BRDA:107,6,1,6
BRDA:118,7,0,17
BRDA:118,7,1,31
BRDA:125,8,0,28
BRDA:125,8,1,1
BRDA:126,9,0,4
BRDA:126,9,1,25
BRDA:126,10,0,29
BRDA:126,10,1,28
BRDA:138,11,0,144
BRDA:138,11,1,0
BRDA:144,12,0,144
BRDA:144,12,1,0
BRDA:146,13,0,48
BRDA:146,13,1,96
BRDA:157,14,0,48
BRDA:157,14,1,0
BRDA:157,15,0,48
BRDA:157,15,1,48
BRDA:159,16,0,0
BRDA:159,16,1,48
BRDA:160,17,0,0
BRDA:160,17,1,48
BRDA:162,18,0,48
BRDA:162,18,1,0
BRDA:169,19,0,0
BRDA:169,19,1,0
BRDA:177,20,0,48
BRDA:177,20,1,0
BRDA:185,21,0,48
BRDA:185,21,1,0
BRF:44
BRH:32
end_of_record
TN:
SF:src\Constants\Regex.ts
FNF:0
FNH:0
DA:4,3
DA:7,3
DA:10,3
DA:13,3
DA:16,3
DA:19,3
DA:22,3
DA:25,3
LF:8
LH:8
BRF:0
BRH:0
end_of_record
TN:
SF:test\Data\Url.ts
FNF:0
FNH:0
DA:1,1
DA:48,1
LF:2
LH:2
BRF:0
BRH:0
end_of_record
